[{"line":1,"elements":[{"start_timestamp":"2023-01-22T07:46:23.359Z","before":[{"result":{"error_message":"org.openqa.selenium.SessionNotCreatedException: session not created: This version of ChromeDriver only supports Chrome version 107\nCurrent browser version is 109.0.5414.75 with binary path C:\\Program Files (x86)\\Google\\Chrome\\Application\\chrome.exe\nBuild info: version: '3.141.59', revision: 'e82be7d358', time: '2018-11-14T08:17:03'\nSystem info: host: 'AZIS-PC', ip: '192.168.0.172', os.name: 'Windows 10', os.arch: 'amd64', os.version: '10.0', java.version: '17.0.4.1'\nDriver info: driver.version: ChromeDriver\nremote stacktrace: Backtrace:\n\tOrdinal0 [0x003FACD3+2075859]\n\tOrdinal0 [0x0038EE61+1633889]\n\tOrdinal0 [0x0028B7BD+571325]\n\tOrdinal0 [0x002ADFCD+712653]\n\tOrdinal0 [0x002A9266+692838]\n\tOrdinal0 [0x002A6BE9+682985]\n\tOrdinal0 [0x002DDBD3+908243]\n\tOrdinal0 [0x002DD6AA+906922]\n\tOrdinal0 [0x002D7136+880950]\n\tOrdinal0 [0x002AFEFD+720637]\n\tOrdinal0 [0x002B0F3F+724799]\n\tGetHandleVerifier [0x006AEED2+2769538]\n\tGetHandleVerifier [0x006A0D95+2711877]\n\tGetHandleVerifier [0x0048A03A+521194]\n\tGetHandleVerifier [0x00488DA0+516432]\n\tOrdinal0 [0x0039682C+1665068]\n\tOrdinal0 [0x0039B128+1683752]\n\tOrdinal0 [0x0039B215+1683989]\n\tOrdinal0 [0x003A6484+1729668]\n\tBaseThreadInitThunk [0x76EB00F9+25]\n\tRtlGetAppContainerNamedObjectPath [0x774A7BBE+286]\n\tRtlGetAppContainerNamedObjectPath [0x774A7B8E+238]\n\r\n\tat java.base/jdk.internal.reflect.NativeConstructorAccessorImpl.newInstance0(Native Method)\r\n\tat java.base/jdk.internal.reflect.NativeConstructorAccessorImpl.newInstance(NativeConstructorAccessorImpl.java:77)\r\n\tat java.base/jdk.internal.reflect.DelegatingConstructorAccessorImpl.newInstance(DelegatingConstructorAccessorImpl.java:45)\r\n\tat java.base/java.lang.reflect.Constructor.newInstanceWithCaller(Constructor.java:499)\r\n\tat java.base/java.lang.reflect.Constructor.newInstance(Constructor.java:480)\r\n\tat org.openqa.selenium.remote.W3CHandshakeResponse.lambda$errorHandler$0(W3CHandshakeResponse.java:62)\r\n\tat org.openqa.selenium.remote.HandshakeResponse.lambda$getResponseFunction$0(HandshakeResponse.java:30)\r\n\tat org.openqa.selenium.remote.ProtocolHandshake.lambda$createSession$0(ProtocolHandshake.java:126)\r\n\tat java.base/java.util.stream.ReferencePipeline$3$1.accept(ReferencePipeline.java:197)\r\n\tat java.base/java.util.Spliterators$ArraySpliterator.tryAdvance(Spliterators.java:1002)\r\n\tat java.base/java.util.stream.ReferencePipeline.forEachWithCancel(ReferencePipeline.java:129)\r\n\tat java.base/java.util.stream.AbstractPipeline.copyIntoWithCancel(AbstractPipeline.java:527)\r\n\tat java.base/java.util.stream.AbstractPipeline.copyInto(AbstractPipeline.java:513)\r\n\tat java.base/java.util.stream.AbstractPipeline.wrapAndCopyInto(AbstractPipeline.java:499)\r\n\tat java.base/java.util.stream.FindOps$FindOp.evaluateSequential(FindOps.java:150)\r\n\tat java.base/java.util.stream.AbstractPipeline.evaluate(AbstractPipeline.java:234)\r\n\tat java.base/java.util.stream.ReferencePipeline.findFirst(ReferencePipeline.java:647)\r\n\tat org.openqa.selenium.remote.ProtocolHandshake.createSession(ProtocolHandshake.java:128)\r\n\tat org.openqa.selenium.remote.ProtocolHandshake.createSession(ProtocolHandshake.java:74)\r\n\tat org.openqa.selenium.remote.HttpCommandExecutor.execute(HttpCommandExecutor.java:136)\r\n\tat org.openqa.selenium.remote.service.DriverCommandExecutor.execute(DriverCommandExecutor.java:83)\r\n\tat org.openqa.selenium.remote.RemoteWebDriver.execute(RemoteWebDriver.java:552)\r\n\tat org.openqa.selenium.remote.RemoteWebDriver.startSession(RemoteWebDriver.java:213)\r\n\tat org.openqa.selenium.remote.RemoteWebDriver.<init>(RemoteWebDriver.java:131)\r\n\tat org.openqa.selenium.chrome.ChromeDriver.<init>(ChromeDriver.java:181)\r\n\tat org.openqa.selenium.chrome.ChromeDriver.<init>(ChromeDriver.java:168)\r\n\tat org.openqa.selenium.chrome.ChromeDriver.<init>(ChromeDriver.java:157)\r\n\tat org.testdua.drivers.strategies.Chrome.setStrategy(Chrome.java:14)\r\n\tat org.testdua.drivers.DriverSingleton.instantiate(DriverSingleton.java:20)\r\n\tat org.testdua.drivers.DriverSingleton.<init>(DriverSingleton.java:15)\r\n\tat org.testdua.drivers.DriverSingleton.getInstance(DriverSingleton.java:29)\r\n\tat org.testdua.step_definitions.Hooks.setUp(Hooks.java:22)\r\n","duration":2061551600,"status":"failed"},"match":{"location":"org.testdua.step_definitions.Hooks.setUp()"}}],"line":3,"name":"User login valid","description":"","id":"login-user;user-login-valid","after":[{"result":{"duration":125028200,"status":"passed"},"match":{"location":"org.testdua.step_definitions.Hooks.closeObject()"}}],"type":"scenario","keyword":"Scenario","steps":[{"result":{"status":"skipped"},"line":4,"name":"User go to Web Music Youtube","match":{"location":"org.testdua.step_definitions.TestLogin.user_go_to_web_music_youtube()"},"keyword":"When "},{"result":{"status":"skipped"},"line":5,"name":"User click sign in button","match":{"location":"org.testdua.step_definitions.TestLogin.user_click_signin_button()"},"keyword":"And "},{"result":{"status":"skipped"},"line":6,"name":"User input username and password","match":{"location":"org.testdua.step_definitions.TestLogin.user_input_username_password()"},"keyword":"And "},{"result":{"duration":1999400,"status":"skipped"},"line":7,"name":"User click button login","match":{"location":"org.testdua.step_definitions.TestLogin.user_click_btnLogin()"},"keyword":"And "},{"result":{"status":"skipped"},"line":8,"name":"User on dashboard page","match":{"location":"org.testdua.step_definitions.TestLogin.user_on_dashboard_page()"},"keyword":"Then "}]}],"name":"Login User","description":"","id":"login-user","keyword":"Feature","uri":"file:src/main/resources/features/01.Login.feature","tags":[]},{"line":1,"elements":[{"start_timestamp":"2023-01-22T07:46:28.564Z","line":2,"name":"Failure while executing Cucumber","description":"","id":"failure;failure-while-executing-cucumber","type":"scenario","keyword":"Scenario","steps":[{"result":{"duration":0,"status":"passed"},"line":3,"name":"Cucumber failed while executing","match":{"arguments":[],"location":"io.cucumber.core.Failure.failure_while_executing_cucumber()"},"keyword":"When "},{"result":{"duration":0,"error_message":"java.lang.NullPointerException: Cannot invoke \"org.openqa.selenium.WebDriver.quit()\" because \"org.testdua.drivers.DriverSingleton.driver\" is null\r\n\tat org.testdua.drivers.DriverSingleton.closeObjectInstance(DriverSingleton.java:41)\r\n\tat org.testdua.step_definitions.Hooks.closeBrowser(Hooks.java:38)\r\n","status":"failed"},"line":4,"name":"Cucumber will report this error:","match":{"arguments":[],"location":"io.cucumber.core.Failure.cucumber_reports_this_error()"},"keyword":"Then "}]}],"name":"Test run failed","description":"There were errors during the execution","id":"failure","keyword":"Feature","uri":"classpath:io/cucumber/core/failure.feature","tags":[]}]